<?xml version="1.0" encoding="UTF-8"?>
<testsuite xmlns:xsi="http://www.w3.org/2001/XMLSchema-instance" xsi:noNamespaceSchemaLocation="https://maven.apache.org/surefire/maven-surefire-plugin/xsd/surefire-test-report.xsd" name="com.andimon.rdf_knowledge_landscape.AppTest" time="0.02" tests="1" errors="0" skipped="0" failures="0">
  <properties>
    <property name="java.specification.version" value="21"/>
    <property name="sun.jnu.encoding" value="UTF-8"/>
    <property name="java.class.path" value="/home/andimon/rdf-knowledge-landscape/rdf_knowledge_landscape/target/test-classes:/home/andimon/rdf-knowledge-landscape/rdf_knowledge_landscape/target/classes:/home/andimon/.m2/repository/junit/junit/4.11/junit-4.11.jar:/home/andimon/.m2/repository/org/hamcrest/hamcrest-core/1.3/hamcrest-core-1.3.jar:/home/andimon/.m2/repository/net/sourceforge/owlapi/owlapi-distribution/5.5.0/owlapi-distribution-5.5.0.jar:/home/andimon/.m2/repository/net/sourceforge/owlapi/owlapi-compatibility/5.5.0/owlapi-compatibility-5.5.0.jar:/home/andimon/.m2/repository/net/sourceforge/owlapi/owlapi-apibinding/5.5.0/owlapi-apibinding-5.5.0.jar:/home/andimon/.m2/repository/net/sourceforge/owlapi/owlapi-api/5.5.0/owlapi-api-5.5.0.jar:/home/andimon/.m2/repository/javax/inject/javax.inject/1/javax.inject-1.jar:/home/andimon/.m2/repository/net/sourceforge/owlapi/owlapi-impl/5.5.0/owlapi-impl-5.5.0.jar:/home/andimon/.m2/repository/net/sourceforge/owlapi/owlapi-parsers/5.5.0/owlapi-parsers-5.5.0.jar:/home/andimon/.m2/repository/net/sourceforge/owlapi/owlapi-oboformat/5.5.0/owlapi-oboformat-5.5.0.jar:/home/andimon/.m2/repository/net/sourceforge/owlapi/owlapi-tools/5.5.0/owlapi-tools-5.5.0.jar:/home/andimon/.m2/repository/net/sourceforge/owlapi/owlapi-rio/5.5.0/owlapi-rio-5.5.0.jar:/home/andimon/.m2/repository/com/fasterxml/jackson/core/jackson-core/2.14.0-rc2/jackson-core-2.14.0-rc2.jar:/home/andimon/.m2/repository/com/fasterxml/jackson/core/jackson-databind/2.14.0-rc2/jackson-databind-2.14.0-rc2.jar:/home/andimon/.m2/repository/com/fasterxml/jackson/core/jackson-annotations/2.14.0-rc2/jackson-annotations-2.14.0-rc2.jar:/home/andimon/.m2/repository/org/apache/commons/commons-rdf-api/0.5.0/commons-rdf-api-0.5.0.jar:/home/andimon/.m2/repository/org/tukaani/xz/1.9/xz-1.9.jar:/home/andimon/.m2/repository/org/slf4j/slf4j-api/1.7.30/slf4j-api-1.7.30.jar:/home/andimon/.m2/repository/org/slf4j/jcl-over-slf4j/1.7.30/jcl-over-slf4j-1.7.30.jar:/home/andimon/.m2/repository/org/eclipse/rdf4j/rdf4j-model/4.2.0/rdf4j-model-4.2.0.jar:/home/andimon/.m2/repository/org/eclipse/rdf4j/rdf4j-common-exception/4.2.0/rdf4j-common-exception-4.2.0.jar:/home/andimon/.m2/repository/org/eclipse/rdf4j/rdf4j-common-text/4.2.0/rdf4j-common-text-4.2.0.jar:/home/andimon/.m2/repository/org/eclipse/rdf4j/rdf4j-common-io/4.2.0/rdf4j-common-io-4.2.0.jar:/home/andimon/.m2/repository/org/eclipse/rdf4j/rdf4j-common-iterator/4.2.0/rdf4j-common-iterator-4.2.0.jar:/home/andimon/.m2/repository/org/eclipse/rdf4j/rdf4j-model-api/4.2.0/rdf4j-model-api-4.2.0.jar:/home/andimon/.m2/repository/org/eclipse/rdf4j/rdf4j-common-annotation/4.2.0/rdf4j-common-annotation-4.2.0.jar:/home/andimon/.m2/repository/org/eclipse/rdf4j/rdf4j-model-vocabulary/4.2.0/rdf4j-model-vocabulary-4.2.0.jar:/home/andimon/.m2/repository/org/eclipse/rdf4j/rdf4j-rio-api/4.2.0/rdf4j-rio-api-4.2.0.jar:/home/andimon/.m2/repository/org/eclipse/rdf4j/rdf4j-common-xml/4.2.0/rdf4j-common-xml-4.2.0.jar:/home/andimon/.m2/repository/org/eclipse/rdf4j/rdf4j-rio-languages/4.2.0/rdf4j-rio-languages-4.2.0.jar:/home/andimon/.m2/repository/org/eclipse/rdf4j/rdf4j-rio-datatypes/4.2.0/rdf4j-rio-datatypes-4.2.0.jar:/home/andimon/.m2/repository/org/eclipse/rdf4j/rdf4j-rio-binary/4.2.0/rdf4j-rio-binary-4.2.0.jar:/home/andimon/.m2/repository/org/eclipse/rdf4j/rdf4j-rio-n3/4.2.0/rdf4j-rio-n3-4.2.0.jar:/home/andimon/.m2/repository/org/eclipse/rdf4j/rdf4j-rio-nquads/4.2.0/rdf4j-rio-nquads-4.2.0.jar:/home/andimon/.m2/repository/org/eclipse/rdf4j/rdf4j-rio-ntriples/4.2.0/rdf4j-rio-ntriples-4.2.0.jar:/home/andimon/.m2/repository/org/eclipse/rdf4j/rdf4j-rio-rdfjson/4.2.0/rdf4j-rio-rdfjson-4.2.0.jar:/home/andimon/.m2/repository/org/eclipse/rdf4j/rdf4j-rio-jsonld/4.2.0/rdf4j-rio-jsonld-4.2.0.jar:/home/andimon/.m2/repository/org/apache/httpcomponents/httpclient/4.5.13/httpclient-4.5.13.jar:/home/andimon/.m2/repository/org/apache/httpcomponents/httpcore/4.4.13/httpcore-4.4.13.jar:/home/andimon/.m2/repository/org/apache/httpcomponents/httpclient-cache/4.5.13/httpclient-cache-4.5.13.jar:/home/andimon/.m2/repository/org/eclipse/rdf4j/rdf4j-rio-rdfxml/4.2.0/rdf4j-rio-rdfxml-4.2.0.jar:/home/andimon/.m2/repository/org/eclipse/rdf4j/rdf4j-rio-trix/4.2.0/rdf4j-rio-trix-4.2.0.jar:/home/andimon/.m2/repository/org/eclipse/rdf4j/rdf4j-rio-turtle/4.2.0/rdf4j-rio-turtle-4.2.0.jar:/home/andimon/.m2/repository/org/eclipse/rdf4j/rdf4j-rio-trig/4.2.0/rdf4j-rio-trig-4.2.0.jar:/home/andimon/.m2/repository/org/eclipse/rdf4j/rdf4j-rio-hdt/4.2.0/rdf4j-rio-hdt-4.2.0.jar:/home/andimon/.m2/repository/org/eclipse/rdf4j/rdf4j-common-util/4.2.0/rdf4j-common-util-4.2.0.jar:/home/andimon/.m2/repository/com/github/jsonld-java/jsonld-java/0.13.4/jsonld-java-0.13.4.jar:/home/andimon/.m2/repository/org/apache/httpcomponents/httpclient-osgi/4.5.13/httpclient-osgi-4.5.13.jar:/home/andimon/.m2/repository/commons-codec/commons-codec/1.11/commons-codec-1.11.jar:/home/andimon/.m2/repository/org/apache/httpcomponents/httpmime/4.5.13/httpmime-4.5.13.jar:/home/andimon/.m2/repository/org/apache/httpcomponents/fluent-hc/4.5.13/fluent-hc-4.5.13.jar:/home/andimon/.m2/repository/org/apache/httpcomponents/httpcore-osgi/4.4.14/httpcore-osgi-4.4.14.jar:/home/andimon/.m2/repository/org/apache/httpcomponents/httpcore-nio/4.4.14/httpcore-nio-4.4.14.jar:/home/andimon/.m2/repository/com/github/vsonnier/hppcrt/0.7.5/hppcrt-0.7.5.jar:/home/andimon/.m2/repository/com/github/ben-manes/caffeine/caffeine/3.1.1/caffeine-3.1.1.jar:/home/andimon/.m2/repository/org/checkerframework/checker-qual/3.22.0/checker-qual-3.22.0.jar:/home/andimon/.m2/repository/com/google/errorprone/error_prone_annotations/2.14.0/error_prone_annotations-2.14.0.jar:/home/andimon/.m2/repository/com/google/guava/guava/31.1-jre/guava-31.1-jre.jar:/home/andimon/.m2/repository/com/google/guava/failureaccess/1.0.1/failureaccess-1.0.1.jar:/home/andimon/.m2/repository/com/google/guava/listenablefuture/9999.0-empty-to-avoid-conflict-with-guava/listenablefuture-9999.0-empty-to-avoid-conflict-with-guava.jar:/home/andimon/.m2/repository/com/google/j2objc/j2objc-annotations/1.3/j2objc-annotations-1.3.jar:/home/andimon/.m2/repository/com/google/code/findbugs/jsr305/3.0.2/jsr305-3.0.2.jar:/home/andimon/.m2/repository/commons-io/commons-io/2.11.0/commons-io-2.11.0.jar:"/>
    <property name="java.vm.vendor" value="Oracle Corporation"/>
    <property name="sun.arch.data.model" value="64"/>
    <property name="java.vendor.url" value="https://java.oracle.com/"/>
    <property name="os.name" value="Linux"/>
    <property name="java.vm.specification.version" value="21"/>
    <property name="sun.java.launcher" value="SUN_STANDARD"/>
    <property name="user.country" value="US"/>
    <property name="sun.boot.library.path" value="/usr/lib/jvm/jdk-21-oracle-x64/lib"/>
    <property name="sun.java.command" value="/home/andimon/rdf-knowledge-landscape/rdf_knowledge_landscape/target/surefire/surefirebooter3489853769976480175.jar /home/andimon/rdf-knowledge-landscape/rdf_knowledge_landscape/target/surefire 2024-03-14T15-36-29_832-jvmRun1 surefire2106865078409771642tmp surefire_010241694968498629812tmp"/>
    <property name="jdk.debug" value="release"/>
    <property name="surefire.test.class.path" value="/home/andimon/rdf-knowledge-landscape/rdf_knowledge_landscape/target/test-classes:/home/andimon/rdf-knowledge-landscape/rdf_knowledge_landscape/target/classes:/home/andimon/.m2/repository/junit/junit/4.11/junit-4.11.jar:/home/andimon/.m2/repository/org/hamcrest/hamcrest-core/1.3/hamcrest-core-1.3.jar:/home/andimon/.m2/repository/net/sourceforge/owlapi/owlapi-distribution/5.5.0/owlapi-distribution-5.5.0.jar:/home/andimon/.m2/repository/net/sourceforge/owlapi/owlapi-compatibility/5.5.0/owlapi-compatibility-5.5.0.jar:/home/andimon/.m2/repository/net/sourceforge/owlapi/owlapi-apibinding/5.5.0/owlapi-apibinding-5.5.0.jar:/home/andimon/.m2/repository/net/sourceforge/owlapi/owlapi-api/5.5.0/owlapi-api-5.5.0.jar:/home/andimon/.m2/repository/javax/inject/javax.inject/1/javax.inject-1.jar:/home/andimon/.m2/repository/net/sourceforge/owlapi/owlapi-impl/5.5.0/owlapi-impl-5.5.0.jar:/home/andimon/.m2/repository/net/sourceforge/owlapi/owlapi-parsers/5.5.0/owlapi-parsers-5.5.0.jar:/home/andimon/.m2/repository/net/sourceforge/owlapi/owlapi-oboformat/5.5.0/owlapi-oboformat-5.5.0.jar:/home/andimon/.m2/repository/net/sourceforge/owlapi/owlapi-tools/5.5.0/owlapi-tools-5.5.0.jar:/home/andimon/.m2/repository/net/sourceforge/owlapi/owlapi-rio/5.5.0/owlapi-rio-5.5.0.jar:/home/andimon/.m2/repository/com/fasterxml/jackson/core/jackson-core/2.14.0-rc2/jackson-core-2.14.0-rc2.jar:/home/andimon/.m2/repository/com/fasterxml/jackson/core/jackson-databind/2.14.0-rc2/jackson-databind-2.14.0-rc2.jar:/home/andimon/.m2/repository/com/fasterxml/jackson/core/jackson-annotations/2.14.0-rc2/jackson-annotations-2.14.0-rc2.jar:/home/andimon/.m2/repository/org/apache/commons/commons-rdf-api/0.5.0/commons-rdf-api-0.5.0.jar:/home/andimon/.m2/repository/org/tukaani/xz/1.9/xz-1.9.jar:/home/andimon/.m2/repository/org/slf4j/slf4j-api/1.7.30/slf4j-api-1.7.30.jar:/home/andimon/.m2/repository/org/slf4j/jcl-over-slf4j/1.7.30/jcl-over-slf4j-1.7.30.jar:/home/andimon/.m2/repository/org/eclipse/rdf4j/rdf4j-model/4.2.0/rdf4j-model-4.2.0.jar:/home/andimon/.m2/repository/org/eclipse/rdf4j/rdf4j-common-exception/4.2.0/rdf4j-common-exception-4.2.0.jar:/home/andimon/.m2/repository/org/eclipse/rdf4j/rdf4j-common-text/4.2.0/rdf4j-common-text-4.2.0.jar:/home/andimon/.m2/repository/org/eclipse/rdf4j/rdf4j-common-io/4.2.0/rdf4j-common-io-4.2.0.jar:/home/andimon/.m2/repository/org/eclipse/rdf4j/rdf4j-common-iterator/4.2.0/rdf4j-common-iterator-4.2.0.jar:/home/andimon/.m2/repository/org/eclipse/rdf4j/rdf4j-model-api/4.2.0/rdf4j-model-api-4.2.0.jar:/home/andimon/.m2/repository/org/eclipse/rdf4j/rdf4j-common-annotation/4.2.0/rdf4j-common-annotation-4.2.0.jar:/home/andimon/.m2/repository/org/eclipse/rdf4j/rdf4j-model-vocabulary/4.2.0/rdf4j-model-vocabulary-4.2.0.jar:/home/andimon/.m2/repository/org/eclipse/rdf4j/rdf4j-rio-api/4.2.0/rdf4j-rio-api-4.2.0.jar:/home/andimon/.m2/repository/org/eclipse/rdf4j/rdf4j-common-xml/4.2.0/rdf4j-common-xml-4.2.0.jar:/home/andimon/.m2/repository/org/eclipse/rdf4j/rdf4j-rio-languages/4.2.0/rdf4j-rio-languages-4.2.0.jar:/home/andimon/.m2/repository/org/eclipse/rdf4j/rdf4j-rio-datatypes/4.2.0/rdf4j-rio-datatypes-4.2.0.jar:/home/andimon/.m2/repository/org/eclipse/rdf4j/rdf4j-rio-binary/4.2.0/rdf4j-rio-binary-4.2.0.jar:/home/andimon/.m2/repository/org/eclipse/rdf4j/rdf4j-rio-n3/4.2.0/rdf4j-rio-n3-4.2.0.jar:/home/andimon/.m2/repository/org/eclipse/rdf4j/rdf4j-rio-nquads/4.2.0/rdf4j-rio-nquads-4.2.0.jar:/home/andimon/.m2/repository/org/eclipse/rdf4j/rdf4j-rio-ntriples/4.2.0/rdf4j-rio-ntriples-4.2.0.jar:/home/andimon/.m2/repository/org/eclipse/rdf4j/rdf4j-rio-rdfjson/4.2.0/rdf4j-rio-rdfjson-4.2.0.jar:/home/andimon/.m2/repository/org/eclipse/rdf4j/rdf4j-rio-jsonld/4.2.0/rdf4j-rio-jsonld-4.2.0.jar:/home/andimon/.m2/repository/org/apache/httpcomponents/httpclient/4.5.13/httpclient-4.5.13.jar:/home/andimon/.m2/repository/org/apache/httpcomponents/httpcore/4.4.13/httpcore-4.4.13.jar:/home/andimon/.m2/repository/org/apache/httpcomponents/httpclient-cache/4.5.13/httpclient-cache-4.5.13.jar:/home/andimon/.m2/repository/org/eclipse/rdf4j/rdf4j-rio-rdfxml/4.2.0/rdf4j-rio-rdfxml-4.2.0.jar:/home/andimon/.m2/repository/org/eclipse/rdf4j/rdf4j-rio-trix/4.2.0/rdf4j-rio-trix-4.2.0.jar:/home/andimon/.m2/repository/org/eclipse/rdf4j/rdf4j-rio-turtle/4.2.0/rdf4j-rio-turtle-4.2.0.jar:/home/andimon/.m2/repository/org/eclipse/rdf4j/rdf4j-rio-trig/4.2.0/rdf4j-rio-trig-4.2.0.jar:/home/andimon/.m2/repository/org/eclipse/rdf4j/rdf4j-rio-hdt/4.2.0/rdf4j-rio-hdt-4.2.0.jar:/home/andimon/.m2/repository/org/eclipse/rdf4j/rdf4j-common-util/4.2.0/rdf4j-common-util-4.2.0.jar:/home/andimon/.m2/repository/com/github/jsonld-java/jsonld-java/0.13.4/jsonld-java-0.13.4.jar:/home/andimon/.m2/repository/org/apache/httpcomponents/httpclient-osgi/4.5.13/httpclient-osgi-4.5.13.jar:/home/andimon/.m2/repository/commons-codec/commons-codec/1.11/commons-codec-1.11.jar:/home/andimon/.m2/repository/org/apache/httpcomponents/httpmime/4.5.13/httpmime-4.5.13.jar:/home/andimon/.m2/repository/org/apache/httpcomponents/fluent-hc/4.5.13/fluent-hc-4.5.13.jar:/home/andimon/.m2/repository/org/apache/httpcomponents/httpcore-osgi/4.4.14/httpcore-osgi-4.4.14.jar:/home/andimon/.m2/repository/org/apache/httpcomponents/httpcore-nio/4.4.14/httpcore-nio-4.4.14.jar:/home/andimon/.m2/repository/com/github/vsonnier/hppcrt/0.7.5/hppcrt-0.7.5.jar:/home/andimon/.m2/repository/com/github/ben-manes/caffeine/caffeine/3.1.1/caffeine-3.1.1.jar:/home/andimon/.m2/repository/org/checkerframework/checker-qual/3.22.0/checker-qual-3.22.0.jar:/home/andimon/.m2/repository/com/google/errorprone/error_prone_annotations/2.14.0/error_prone_annotations-2.14.0.jar:/home/andimon/.m2/repository/com/google/guava/guava/31.1-jre/guava-31.1-jre.jar:/home/andimon/.m2/repository/com/google/guava/failureaccess/1.0.1/failureaccess-1.0.1.jar:/home/andimon/.m2/repository/com/google/guava/listenablefuture/9999.0-empty-to-avoid-conflict-with-guava/listenablefuture-9999.0-empty-to-avoid-conflict-with-guava.jar:/home/andimon/.m2/repository/com/google/j2objc/j2objc-annotations/1.3/j2objc-annotations-1.3.jar:/home/andimon/.m2/repository/com/google/code/findbugs/jsr305/3.0.2/jsr305-3.0.2.jar:/home/andimon/.m2/repository/commons-io/commons-io/2.11.0/commons-io-2.11.0.jar:"/>
    <property name="sun.cpu.endian" value="little"/>
    <property name="user.home" value="/home/andimon"/>
    <property name="user.language" value="en"/>
    <property name="java.specification.vendor" value="Oracle Corporation"/>
    <property name="java.version.date" value="2024-01-16"/>
    <property name="java.home" value="/usr/lib/jvm/jdk-21-oracle-x64"/>
    <property name="file.separator" value="/"/>
    <property name="basedir" value="/home/andimon/rdf-knowledge-landscape/rdf_knowledge_landscape"/>
    <property name="java.vm.compressedOopsMode" value="Zero based"/>
    <property name="line.separator" value="&#10;"/>
    <property name="java.specification.name" value="Java Platform API Specification"/>
    <property name="java.vm.specification.vendor" value="Oracle Corporation"/>
    <property name="surefire.real.class.path" value="/home/andimon/rdf-knowledge-landscape/rdf_knowledge_landscape/target/surefire/surefirebooter3489853769976480175.jar"/>
    <property name="sun.management.compiler" value="HotSpot 64-Bit Tiered Compilers"/>
    <property name="java.runtime.version" value="21.0.2+13-LTS-58"/>
    <property name="user.name" value="andimon"/>
    <property name="stdout.encoding" value="UTF-8"/>
    <property name="path.separator" value=":"/>
    <property name="os.version" value="5.15.0-76-generic"/>
    <property name="java.runtime.name" value="Java(TM) SE Runtime Environment"/>
    <property name="file.encoding" value="UTF-8"/>
    <property name="java.vm.name" value="Java HotSpot(TM) 64-Bit Server VM"/>
    <property name="localRepository" value="/home/andimon/.m2/repository"/>
    <property name="java.vendor.url.bug" value="https://bugreport.java.com/bugreport/"/>
    <property name="java.io.tmpdir" value="/tmp"/>
    <property name="java.version" value="21.0.2"/>
    <property name="user.dir" value="/home/andimon/rdf-knowledge-landscape/rdf_knowledge_landscape"/>
    <property name="os.arch" value="amd64"/>
    <property name="java.vm.specification.name" value="Java Virtual Machine Specification"/>
    <property name="native.encoding" value="UTF-8"/>
    <property name="java.library.path" value="/usr/java/packages/lib:/usr/lib64:/lib64:/lib:/usr/lib"/>
    <property name="java.vm.info" value="mixed mode, sharing"/>
    <property name="stderr.encoding" value="UTF-8"/>
    <property name="java.vendor" value="Oracle Corporation"/>
    <property name="java.vm.version" value="21.0.2+13-LTS-58"/>
    <property name="sun.io.unicode.encoding" value="UnicodeLittle"/>
    <property name="java.class.version" value="65.0"/>
  </properties>
  <testcase name="shouldAnswerWithTrue" classname="com.andimon.rdf_knowledge_landscape.AppTest" time="0.002"/>
</testsuite>